[debug] [2022-11-03T10:06:41.154Z] ----------------------------------------------------------------------
[debug] [2022-11-03T10:06:41.156Z] Command:       C:\Program Files\nodejs\node.exe C:\Program Files\nodejs\node_modules\firebase-tools\lib\bin\firebase.js init
[debug] [2022-11-03T10:06:41.157Z] CLI Version:   11.16.0
[debug] [2022-11-03T10:06:41.157Z] Platform:      win32
[debug] [2022-11-03T10:06:41.157Z] Node Version:  v16.17.0
[debug] [2022-11-03T10:06:41.158Z] Time:          Thu Nov 03 2022 17:06:41 GMT+0700 (Indochina Time)
[debug] [2022-11-03T10:06:41.159Z] ----------------------------------------------------------------------
[debug] 
[debug] [2022-11-03T10:06:41.167Z] > command requires scopes: ["email","openid","https://www.googleapis.com/auth/cloudplatformprojects.readonly","https://www.googleapis.com/auth/firebase","https://www.googleapis.com/auth/cloud-platform"]
[debug] [2022-11-03T10:06:41.168Z] > authorizing via signed-in user (toankvfx17375@funix.edu.vn)
[info] 
     ######## #### ########  ######## ########     ###     ######  ########
     ##        ##  ##     ## ##       ##     ##  ##   ##  ##       ##
     ######    ##  ########  ######   ########  #########  ######  ######
     ##        ##  ##    ##  ##       ##     ## ##     ##       ## ##
     ##       #### ##     ## ######## ########  ##     ##  ######  ########

You're about to initialize a Firebase project in this directory:

  D:\Learning code\Thực tập Aimesoft\e-commercal

[info] 
=== Project Setup
[info] 
[info] First, let's associate this project directory with a Firebase project.
[info] You can create multiple project aliases by running firebase use --add, 
[info] but for now we'll just set up a default project.
[info] 
[debug] [2022-11-03T10:06:48.968Z] > refreshing access token with scopes: []
[debug] [2022-11-03T10:06:48.972Z] >>> [apiv2][query] POST https://www.googleapis.com/oauth2/v3/token [none]
[debug] [2022-11-03T10:06:48.972Z] >>> [apiv2][body] POST https://www.googleapis.com/oauth2/v3/token [omitted]
[debug] [2022-11-03T10:06:50.164Z] <<< [apiv2][status] POST https://www.googleapis.com/oauth2/v3/token 200
[debug] [2022-11-03T10:06:50.165Z] <<< [apiv2][body] POST https://www.googleapis.com/oauth2/v3/token [omitted]
[debug] [2022-11-03T10:06:50.247Z] >>> [apiv2][query] GET https://firebase.googleapis.com/v1beta1/projects pageSize=100
[debug] [2022-11-03T10:06:52.026Z] <<< [apiv2][status] GET https://firebase.googleapis.com/v1beta1/projects 200
[debug] [2022-11-03T10:06:52.026Z] <<< [apiv2][body] GET https://firebase.googleapis.com/v1beta1/projects [omitted]
[info] i  Using project e-commercal-intern (e-commercal-intern) 
[info] 
=== Hosting Setup
[info] 
[info] Your public directory is the folder (relative to your project directory) that
[info] will contain Hosting assets to be uploaded with firebase deploy. If you
[info] have a build process for your assets, use your build's output directory.
[info] 
